/*C4*/SET SCHEMA PUBLIC
\u000a    drop table Employee if exists
\u000a    create table Employee (\u000a        id bigint generated by default as identity (start with 1),\u000a        birthday timestamp not null,\u000a        function varchar(255),\u000a        name varchar(255) not null,\u000a        salary double not null check (salary>=1),\u000a        primary key (id)\u000a    )
INSERT INTO EMPLOYEE VALUES(1,'2014-09-02 14:27:33.260000','DEVELOPER','Fulano',1000.0E0)
COMMIT
INSERT INTO EMPLOYEE VALUES(2,'2014-09-02 14:27:33.261000','PO','Beltrano',5000.0E0)
COMMIT
INSERT INTO EMPLOYEE VALUES(3,'2014-09-02 14:27:33.261000','MANAGER','Ciclano',10000.0E0)
COMMIT
TRUNCATE SCHEMA PUBLIC RESTART IDENTITY AND COMMIT NO CHECK 
INSERT INTO EMPLOYEE VALUES(1,'2014-09-02 14:27:33.434000','DEVELOPER','Fulano',1000.0E0)
COMMIT
INSERT INTO EMPLOYEE VALUES(2,'2014-09-02 14:27:33.440000','PO','Beltrano',5000.0E0)
COMMIT
INSERT INTO EMPLOYEE VALUES(3,'2014-09-02 14:27:33.447000','MANAGER','Ciclano',10000.0E0)
COMMIT
TRUNCATE SCHEMA PUBLIC RESTART IDENTITY AND COMMIT NO CHECK 
INSERT INTO EMPLOYEE VALUES(1,'2014-09-02 14:27:34.769000','DEVELOPER','Fulano',1000.0E0)
COMMIT
INSERT INTO EMPLOYEE VALUES(2,'2014-09-02 14:27:34.771000','PO','Beltrano',5000.0E0)
COMMIT
INSERT INTO EMPLOYEE VALUES(3,'2014-09-02 14:27:34.772000','MANAGER','Ciclano',10000.0E0)
COMMIT
TRUNCATE SCHEMA PUBLIC RESTART IDENTITY AND COMMIT NO CHECK 
INSERT INTO EMPLOYEE VALUES(1,'2014-09-02 14:27:35.328000','DEVELOPER','Fulano',1000.0E0)
COMMIT
INSERT INTO EMPLOYEE VALUES(2,'2014-09-02 14:27:35.329000','PO','Beltrano',5000.0E0)
COMMIT
INSERT INTO EMPLOYEE VALUES(3,'2014-09-02 14:27:35.330000','MANAGER','Ciclano',10000.0E0)
COMMIT
TRUNCATE SCHEMA PUBLIC RESTART IDENTITY AND COMMIT NO CHECK 
INSERT INTO EMPLOYEE VALUES(1,'2014-09-02 14:27:35.769000','DEVELOPER','Fulano',1000.0E0)
COMMIT
INSERT INTO EMPLOYEE VALUES(2,'2014-09-02 14:27:35.771000','PO','Beltrano',5000.0E0)
COMMIT
INSERT INTO EMPLOYEE VALUES(3,'2014-09-02 14:27:35.773000','MANAGER','Ciclano',10000.0E0)
COMMIT
INSERT INTO EMPLOYEE VALUES(4,'2012-12-11 22:00:00.000000','MANAGER','a',3333.0E0)
COMMIT
TRUNCATE SCHEMA PUBLIC RESTART IDENTITY AND COMMIT NO CHECK 
INSERT INTO EMPLOYEE VALUES(1,'2014-09-02 14:27:36.573000','DEVELOPER','Fulano',1000.0E0)
COMMIT
INSERT INTO EMPLOYEE VALUES(2,'2014-09-02 14:27:36.574000','PO','Beltrano',5000.0E0)
COMMIT
INSERT INTO EMPLOYEE VALUES(3,'2014-09-02 14:27:36.575000','MANAGER','Ciclano',10000.0E0)
COMMIT
DELETE FROM EMPLOYEE WHERE ID=2
INSERT INTO EMPLOYEE VALUES(2,'2012-12-11 22:00:00.000000','PO','b',45637.0E0)
COMMIT
TRUNCATE SCHEMA PUBLIC RESTART IDENTITY AND COMMIT NO CHECK 
INSERT INTO EMPLOYEE VALUES(1,'2014-09-02 14:27:37.512000','DEVELOPER','Fulano',1000.0E0)
COMMIT
INSERT INTO EMPLOYEE VALUES(2,'2014-09-02 14:27:37.513000','PO','Beltrano',5000.0E0)
COMMIT
INSERT INTO EMPLOYEE VALUES(3,'2014-09-02 14:27:37.513000','MANAGER','Ciclano',10000.0E0)
COMMIT
DELETE FROM EMPLOYEE WHERE ID=3
COMMIT
